<?xml version="1.0" encoding="utf-8"?><testsuites name="pytest tests"><testsuite name="pytest" errors="0" failures="0" skipped="0" tests="31" time="5.514" timestamp="2026-05-19T09:33:20.590702+00:00" hostname="agent-env-2e3a752b-6adc-4e18-bafd-3c337cea75a1"><testcase classname="backend.tests.test_shg_v2_features.TestSettingsGuarantor" name="test_max_loan_with_guarantor_field" time="1.067" /><testcase classname="backend.tests.test_shg_v2_features.TestEligibleGuarantors" name="test_eligible_excludes_self_and_admin" time="0.107" /><testcase classname="backend.tests.test_shg_v2_features.TestEligibleGuarantors" name="test_eligible_requires_auth" time="0.094" /><testcase classname="backend.tests.test_shg_v2_features.TestGuarantorLoanFlow" name="test_loan_above_15k_requires_guarantor" time="0.169" /><testcase classname="backend.tests.test_shg_v2_features.TestGuarantorLoanFlow" name="test_loan_above_30k_rejected" time="0.104" /><testcase classname="backend.tests.test_shg_v2_features.TestGuarantorLoanFlow" name="test_self_guarantor_rejected" time="0.114" /><testcase classname="backend.tests.test_shg_v2_features.TestGuarantorLoanFlow" name="test_loan_with_guarantor_success" time="0.213" /><testcase classname="backend.tests.test_shg_v2_features.TestGuarantorLoanFlow" name="test_meena_excluded_from_eligible" time="0.119" /><testcase classname="backend.tests.test_shg_v2_features.TestGuarantorLoanFlow" name="test_meena_blocked_from_new_loan" time="0.099" /><testcase classname="backend.tests.test_shg_v2_features.TestGuarantorLoanFlow" name="test_meena_stats_show_block_reason" time="0.099" /><testcase classname="backend.tests.test_shg_v2_features.TestGuarantorLoanFlow" name="test_pay_75_percent_releases_meena" time="0.608" /><testcase classname="backend.tests.test_shg_v2_features.TestMemberSelfSavings" name="test_member_self_deposit_success" time="0.094" /><testcase classname="backend.tests.test_shg_v2_features.TestMemberSelfSavings" name="test_member_cannot_deposit_for_other" time="0.111" /><testcase classname="backend.tests.test_shg_v2_features.TestMemberSelfSavings" name="test_balance_self" time="0.105" /><testcase classname="backend.tests.test_shg_v2_features.TestMemberSelfSavings" name="test_balance_other_blocked" time="0.103" /><testcase classname="backend.tests.test_shg_v2_features.TestMemberSelfSavings" name="test_balance_admin_can_view_other" time="0.103" /><testcase classname="backend.tests.test_shg_v2_features.TestSavingsEditDelete" name="test_edit_savings_admin" time="0.115" /><testcase classname="backend.tests.test_shg_v2_features.TestSavingsEditDelete" name="test_edit_savings_non_admin_blocked" time="0.125" /><testcase classname="backend.tests.test_shg_v2_features.TestSavingsEditDelete" name="test_delete_savings_non_admin_blocked" time="0.095" /><testcase classname="backend.tests.test_shg_v2_features.TestSavingsEditDelete" name="test_delete_savings_admin" time="0.212" /><testcase classname="backend.tests.test_shg_v2_features.TestContributionEdit" name="test_edit_contribution_admin" time="0.201" /><testcase classname="backend.tests.test_shg_v2_features.TestContributionEdit" name="test_edit_contribution_non_admin_blocked" time="0.101" /><testcase classname="backend.tests.test_shg_v2_features.TestLoanEdit" name="test_edit_loan_admin" time="0.201" /><testcase classname="backend.tests.test_shg_v2_features.TestLoanEdit" name="test_edit_loan_non_admin_blocked" time="0.099" /><testcase classname="backend.tests.test_shg_v2_features.TestDistributeInterest" name="test_distribute_non_admin_blocked" time="0.100" /><testcase classname="backend.tests.test_shg_v2_features.TestDistributeInterest" name="test_distribute_admin_credits_interest" time="0.110" /><testcase classname="backend.tests.test_shg_v2_features.TestDistributeInterest" name="test_distribute_idempotent" time="0.100" /><testcase classname="backend.tests.test_shg_v2_features.TestDistributeInterest" name="test_interest_credit_appears_in_savings" time="0.110" /><testcase classname="backend.tests.test_shg_v2_features.TestOldLoan" name="test_old_loan_running" time="0.201" /><testcase classname="backend.tests.test_shg_v2_features.TestOldLoan" name="test_old_loan_closed" time="0.235" /><testcase classname="backend.tests.test_shg_v2_features.TestOldLoan" name="test_old_loan_non_admin_blocked" time="0.097" /></testsuite></testsuites>