<?xml version="1.0" encoding="utf-8"?><testsuites name="pytest tests"><testsuite name="pytest" errors="0" failures="0" skipped="0" tests="24" time="5.337" timestamp="2026-05-19T09:49:56.642442+00:00" hostname="agent-env-2e3a752b-6adc-4e18-bafd-3c337cea75a1"><testcase classname="backend.tests.test_shg_v3_features.TestSavingsApprovalWorkflow" name="test_member_self_deposit_creates_pending" time="0.395" /><testcase classname="backend.tests.test_shg_v3_features.TestSavingsApprovalWorkflow" name="test_admin_deposit_creates_approved" time="0.453" /><testcase classname="backend.tests.test_shg_v3_features.TestSavingsApprovalWorkflow" name="test_balance_includes_pending_fields_and_excludes_pending" time="0.136" /><testcase classname="backend.tests.test_shg_v3_features.TestSavingsApprovalWorkflow" name="test_member_cannot_approve" time="0.140" /><testcase classname="backend.tests.test_shg_v3_features.TestSavingsApprovalWorkflow" name="test_member_cannot_reject" time="0.110" /><testcase classname="backend.tests.test_shg_v3_features.TestSavingsApprovalWorkflow" name="test_admin_approve_pending" time="0.308" /><testcase classname="backend.tests.test_shg_v3_features.TestSavingsApprovalWorkflow" name="test_savings_approved_notification_created" time="0.111" /><testcase classname="backend.tests.test_shg_v3_features.TestSavingsApprovalWorkflow" name="test_admin_reject_pending" time="0.693" /><testcase classname="backend.tests.test_shg_v3_features.TestSavingsApprovalWorkflow" name="test_approve_nonexistent_404" time="0.119" /><testcase classname="backend.tests.test_shg_v3_features.TestSavingsApprovalWorkflow" name="test_reject_nonexistent_404" time="0.104" /><testcase classname="backend.tests.test_shg_v3_features.TestMemberStatsPenalty" name="test_stats_has_new_fields" time="0.104" /><testcase classname="backend.tests.test_shg_v3_features.TestMemberStatsPenalty" name="test_admin_pending_penalty_zero" time="0.140" /><testcase classname="backend.tests.test_shg_v3_features.TestMemberStatsPenalty" name="test_pending_penalty_calculation_for_member" time="0.140" /><testcase classname="backend.tests.test_shg_v3_features.TestMemberStatsPenalty" name="test_double_rate_when_both_emi_and_contribution_late" time="0.000" /><testcase classname="backend.tests.test_shg_v3_features.TestMemberStatsPenalty" name="test_pending_savings_field" time="0.303" /><testcase classname="backend.tests.test_shg_v3_features.TestPenaltyNotificationAutoCreate" name="test_stats_creates_one_notification_per_day" time="0.454" /><testcase classname="backend.tests.test_shg_v3_features.TestPenaltyNotificationAutoCreate" name="test_admin_stats_creates_no_penalty_notification" time="0.353" /><testcase classname="backend.tests.test_shg_v3_features.TestNotificationsInbox" name="test_get_returns_own_only" time="0.099" /><testcase classname="backend.tests.test_shg_v3_features.TestNotificationsInbox" name="test_get_unauth" time="0.093" /><testcase classname="backend.tests.test_shg_v3_features.TestNotificationsInbox" name="test_sort_recent_first" time="0.096" /><testcase classname="backend.tests.test_shg_v3_features.TestNotificationsInbox" name="test_mark_read" time="0.344" /><testcase classname="backend.tests.test_shg_v3_features.TestNotificationsInbox" name="test_mark_read_other_member_forbidden" time="0.204" /><testcase classname="backend.tests.test_shg_v3_features.TestNotificationsInbox" name="test_mark_read_nonexistent_404" time="0.105" /><testcase classname="backend.tests.test_shg_v3_features.TestNotificationsInbox" name="test_read_all" time="0.233" /></testsuite></testsuites>