<?xml version="1.0" encoding="utf-8"?><testsuites name="pytest tests"><testsuite name="pytest" errors="0" failures="0" skipped="0" tests="13" time="21.725" timestamp="2026-05-19T12:36:38.067191+00:00" hostname="agent-env-2e3a752b-6adc-4e18-bafd-3c337cea75a1"><testcase classname="backend.tests.test_shg_v7_features.TestAuthBasic" name="test_admin_login_returns_token_and_member" time="7.456" /><testcase classname="backend.tests.test_shg_v7_features.TestAuthBasic" name="test_member_login_returns_token" time="0.128" /><testcase classname="backend.tests.test_shg_v7_features.TestAuthBasic" name="test_invalid_login" time="11.369" /><testcase classname="backend.tests.test_shg_v7_features.TestLoanCalculator" name="test_calc_30000_3_months" time="0.402" /><testcase classname="backend.tests.test_shg_v7_features.TestLoanCalculator" name="test_calc_5000_3_months" time="0.067" /><testcase classname="backend.tests.test_shg_v7_features.TestLoanCalculator" name="test_calc_15000_3_months" time="0.062" /><testcase classname="backend.tests.test_shg_v7_features.TestLoanCalculator" name="test_calc_600_6_months" time="0.064" /><testcase classname="backend.tests.test_shg_v7_features.TestLoanCalculator" name="test_calc_repeatable" time="0.318" /><testcase classname="backend.tests.test_shg_v7_features.TestMemberStatsNewFields" name="test_stats_exposes_new_fields" time="0.051" /><testcase classname="backend.tests.test_shg_v7_features.TestMemberStatsNewFields" name="test_total_equals_gross_minus_own_penalty" time="0.051" /><testcase classname="backend.tests.test_shg_v7_features.TestMemberStatsNewFields" name="test_stats_for_all_members_invariant" time="1.302" /><testcase classname="backend.tests.test_shg_v7_features.TestMemberStatsNewFields" name="test_penalty_applied_reduces_total_contribution" time="0.262" /><testcase classname="backend.tests.test_shg_v7_features.TestSettings" name="test_settings_returns_upi" time="0.067" /></testsuite></testsuites>