<?xml version="1.0" encoding="utf-8"?><testsuites name="pytest tests"><testsuite name="pytest" errors="0" failures="0" skipped="0" tests="16" time="4.974" timestamp="2026-05-19T09:58:47.830194+00:00" hostname="agent-env-2e3a752b-6adc-4e18-bafd-3c337cea75a1"><testcase classname="backend.tests.test_shg_v4_features.TestFullDetail" name="test_admin_get_full_detail" time="0.478" /><testcase classname="backend.tests.test_shg_v4_features.TestFullDetail" name="test_member_can_get_own_full_detail" time="0.114" /><testcase classname="backend.tests.test_shg_v4_features.TestFullDetail" name="test_member_cannot_get_others_full_detail" time="0.196" /><testcase classname="backend.tests.test_shg_v4_features.TestFullDetail" name="test_full_detail_404" time="0.097" /><testcase classname="backend.tests.test_shg_v4_features.TestFullDetail" name="test_guarantor_loans_populated" time="0.254" /><testcase classname="backend.tests.test_shg_v4_features.TestFlexibleEMI" name="test_flexible_amount_overrides_emi" time="0.763" /><testcase classname="backend.tests.test_shg_v4_features.TestFlexibleEMI" name="test_no_flexible_uses_original" time="0.318" /><testcase classname="backend.tests.test_shg_v4_features.TestFlexibleEMI" name="test_flexible_zero_falls_back" time="0.204" /><testcase classname="backend.tests.test_shg_v4_features.TestFlexibleEMI" name="test_partial_amount_reduces_remaining" time="0.312" /><testcase classname="backend.tests.test_shg_v4_features.TestFlexibleEMI" name="test_nonadmin_cannot_pay_emi" time="0.097" /><testcase classname="backend.tests.test_shg_v4_features.TestEditEMI" name="test_edit_emi_fields" time="0.622" /><testcase classname="backend.tests.test_shg_v4_features.TestEditEMI" name="test_edit_recomputes_remaining" time="0.098" /><testcase classname="backend.tests.test_shg_v4_features.TestEditEMI" name="test_edit_emi_404_unknown_emi_id" time="0.108" /><testcase classname="backend.tests.test_shg_v4_features.TestEditEMI" name="test_edit_emi_admin_only" time="0.112" /><testcase classname="backend.tests.test_shg_v4_features.TestEditEMI" name="test_all_paid_marks_loan_completed" time="0.805" /><testcase classname="backend.tests.test_shg_v4_features.TestUpdateMemberJoiningDate" name="test_admin_can_update_joining_date" time="0.311" /></testsuite></testsuites>