<?xml version="1.0" encoding="utf-8"?><testsuites name="pytest tests"><testsuite name="pytest" errors="0" failures="2" skipped="1" tests="18" time="5.978" timestamp="2026-05-19T10:24:03.371700+00:00" hostname="agent-env-2e3a752b-6adc-4e18-bafd-3c337cea75a1"><testcase classname="backend.tests.test_shg_v5_notifications.TestManualPenalty" name="test_admin_creates_manual_penalty_and_fires_notification" time="0.769" /><testcase classname="backend.tests.test_shg_v5_notifications.TestManualPenalty" name="test_penalty_type_emi_accepted" time="0.341" /><testcase classname="backend.tests.test_shg_v5_notifications.TestManualPenalty" name="test_penalty_type_contribution_accepted" time="0.249" /><testcase classname="backend.tests.test_shg_v5_notifications.TestManualPenalty" name="test_non_admin_forbidden_post" time="0.105" /><testcase classname="backend.tests.test_shg_v5_notifications.TestManualPenalty" name="test_invalid_member_404" time="0.112" /><testcase classname="backend.tests.test_shg_v5_notifications.TestManualPenalty" name="test_delete_penalty_fires_removed_notif" time="0.312" /><testcase classname="backend.tests.test_shg_v5_notifications.TestManualPenalty" name="test_delete_penalty_404" time="0.118" /><testcase classname="backend.tests.test_shg_v5_notifications.TestManualPenalty" name="test_delete_penalty_non_admin_forbidden" time="0.094" /><testcase classname="backend.tests.test_shg_v5_notifications.TestContributionNotif" name="test_admin_add_contribution_fires_notification" time="0.325" /><testcase classname="backend.tests.test_shg_v5_notifications.TestSavingsNotif" name="test_admin_deposit_fires_savings_credit" time="0.233" /><testcase classname="backend.tests.test_shg_v5_notifications.TestSavingsNotif" name="test_self_deposit_no_immediate_notification" time="0.210" /><testcase classname="backend.tests.test_shg_v5_notifications.TestSavingsNotif" name="test_withdraw_fires_savings_debit" time="0.336" /><testcase classname="backend.tests.test_shg_v5_notifications.TestLoanNotif" name="test_approve_loan_fires_notification" time="0.456"><failure message="AssertionError: loan_approved notification missing&#10;assert None is not None">backend/tests/test_shg_v5_notifications.py:247: in test_approve_loan_fires_notification
    assert n is not None, "loan_approved notification missing"
E   AssertionError: loan_approved notification missing
E   assert None is not None</failure></testcase><testcase classname="backend.tests.test_shg_v5_notifications.TestLoanNotif" name="test_reject_loan_fires_notification" time="0.414"><failure message="AssertionError: loan_rejected notification missing&#10;assert None is not None">backend/tests/test_shg_v5_notifications.py:258: in test_reject_loan_fires_notification
    assert n is not None, "loan_rejected notification missing"
E   AssertionError: loan_rejected notification missing
E   assert None is not None</failure></testcase><testcase classname="backend.tests.test_shg_v5_notifications.TestLoanNotif" name="test_emi_pay_fires_notification" time="0.328" /><testcase classname="backend.tests.test_shg_v5_notifications.TestInterestNotif" name="test_distribute_interest_fires_notifs" time="0.114"><skipped type="pytest.skip" message="distribute interest not applicable: 400 {&quot;detail&quot;:&quot;No contributions yet&quot;}">/app/backend/tests/test_shg_v5_notifications.py:286: distribute interest not applicable: 400 {"detail":"No contributions yet"}</skipped></testcase><testcase classname="backend.tests.test_shg_v5_notifications.TestClearTransactions" name="test_non_admin_forbidden" time="0.100" /><testcase classname="backend.tests.test_shg_v5_notifications.TestClearTransactions" name="test_admin_clears_and_returns_counts" time="1.255" /></testsuite></testsuites>