<?xml version="1.0" encoding="utf-8"?><testsuites name="pytest tests"><testsuite name="pytest" errors="0" failures="0" skipped="0" tests="22" time="5.499" timestamp="2026-05-19T11:03:31.148398+00:00" hostname="agent-env-2e3a752b-6adc-4e18-bafd-3c337cea75a1"><testcase classname="backend.tests.test_shg_v6_features.TestSettings" name="test_settings_has_new_fields" time="0.242" /><testcase classname="backend.tests.test_shg_v6_features.TestSettings" name="test_update_settings_persists" time="0.307" /><testcase classname="backend.tests.test_shg_v6_features.TestDashboardStats" name="test_dashboard_has_new_fields" time="0.107" /><testcase classname="backend.tests.test_shg_v6_features.TestDashboardStats" name="test_pending_savings_count_increments_then_decrements" time="0.667" /><testcase classname="backend.tests.test_shg_v6_features.TestPendingPenalty" name="test_pending_penalty_zero_when_start_in_future" time="0.208" /><testcase classname="backend.tests.test_shg_v6_features.TestPendingPenalty" name="test_pending_penalty_nonzero_when_start_in_past" time="0.225" /><testcase classname="backend.tests.test_shg_v6_features.TestPendingPenalty" name="test_restore_penalty_start" time="0.103" /><testcase classname="backend.tests.test_shg_v6_features.TestPersonalLoans" name="test_personal_loan_created_correctly" time="0.221" /><testcase classname="backend.tests.test_shg_v6_features.TestPersonalLoans" name="test_personal_loan_completed_if_closingDate" time="0.202" /><testcase classname="backend.tests.test_shg_v6_features.TestPersonalLoans" name="test_personal_loan_fires_notification" time="0.506" /><testcase classname="backend.tests.test_shg_v6_features.TestPersonalLoans" name="test_personal_loan_non_admin_forbidden" time="0.099" /><testcase classname="backend.tests.test_shg_v6_features.TestPersonalLoans" name="test_personal_loan_invalid_member_404" time="0.109" /><testcase classname="backend.tests.test_shg_v6_features.TestPersonalLoans" name="test_loans_list_includes_personal" time="0.095" /><testcase classname="backend.tests.test_shg_v6_features.TestPersonalLoans" name="test_dashboard_totalPersonalLoans_increased" time="0.106" /><testcase classname="backend.tests.test_shg_v6_features.TestPersonalLoans" name="test_dashboard_totalInterest_excludes_personal" time="0.213" /><testcase classname="backend.tests.test_shg_v6_features.TestPersonalLoans" name="test_member_stats_interestShare_excludes_personal" time="0.215" /><testcase classname="backend.tests.test_shg_v6_features.TestPersonalLoans" name="test_cleanup_personal_loan" time="0.107" /><testcase classname="backend.tests.test_shg_v6_features.TestDistributeSavingsInterest" name="test_distribute_non_admin_forbidden" time="0.111" /><testcase classname="backend.tests.test_shg_v6_features.TestDistributeSavingsInterest" name="test_distribute_runs_and_returns_monthly_rate" time="0.457" /><testcase classname="backend.tests.test_shg_v6_features.TestDistributeSavingsInterest" name="test_distribute_idempotent" time="0.125" /><testcase classname="backend.tests.test_shg_v6_features.TestDistributeSavingsInterest" name="test_distribute_fires_notifications" time="0.508" /><testcase classname="backend.tests.test_shg_v6_features.TestDistributeSavingsInterest" name="test_cleanup_interest_txn" time="0.465" /></testsuite></testsuites>