<?xml version="1.0" encoding="utf-8"?><testsuites name="pytest tests"><testsuite name="pytest" errors="0" failures="0" skipped="0" tests="43" time="7.134" timestamp="2026-05-19T09:01:34.107161+00:00" hostname="agent-env-2e3a752b-6adc-4e18-bafd-3c337cea75a1"><testcase classname="backend.tests.test_shg_backend.TestAuth" name="test_admin_login" time="0.252" /><testcase classname="backend.tests.test_shg_backend.TestAuth" name="test_member_login" time="0.104" /><testcase classname="backend.tests.test_shg_backend.TestAuth" name="test_invalid_login" time="0.137" /><testcase classname="backend.tests.test_shg_backend.TestAuth" name="test_missing_token" time="0.137" /><testcase classname="backend.tests.test_shg_backend.TestAuth" name="test_invalid_token" time="0.147" /><testcase classname="backend.tests.test_shg_backend.TestMembers" name="test_get_members_returns_24" time="0.106" /><testcase classname="backend.tests.test_shg_backend.TestMembers" name="test_add_member_admin_only" time="0.143" /><testcase classname="backend.tests.test_shg_backend.TestMembers" name="test_add_member_success" time="0.247" /><testcase classname="backend.tests.test_shg_backend.TestMembers" name="test_add_member_duplicate_mobile" time="0.152" /><testcase classname="backend.tests.test_shg_backend.TestMembers" name="test_delete_member" time="0.256" /><testcase classname="backend.tests.test_shg_backend.TestMembers" name="test_delete_member_non_admin_blocked" time="0.335" /><testcase classname="backend.tests.test_shg_backend.TestStats" name="test_dashboard_stats" time="0.105" /><testcase classname="backend.tests.test_shg_backend.TestStats" name="test_member_stats_own" time="0.137" /><testcase classname="backend.tests.test_shg_backend.TestStats" name="test_member_stats_other_blocked" time="0.097" /><testcase classname="backend.tests.test_shg_backend.TestSettings" name="test_get_settings" time="0.096" /><testcase classname="backend.tests.test_shg_backend.TestSettings" name="test_update_settings_admin" time="0.214" /><testcase classname="backend.tests.test_shg_backend.TestSettings" name="test_update_settings_non_admin_blocked" time="0.131" /><testcase classname="backend.tests.test_shg_backend.TestLoans" name="test_loan_calculator" time="0.104" /><testcase classname="backend.tests.test_shg_backend.TestLoans" name="test_loan_max_amount" time="0.096" /><testcase classname="backend.tests.test_shg_backend.TestLoans" name="test_loan_invalid_months" time="0.219" /><testcase classname="backend.tests.test_shg_backend.TestLoans" name="test_loan_apply_success" time="0.120" /><testcase classname="backend.tests.test_shg_backend.TestLoans" name="test_loan_eligibility_blocks_second" time="0.097" /><testcase classname="backend.tests.test_shg_backend.TestLoans" name="test_loan_reject_admin_only" time="0.102" /><testcase classname="backend.tests.test_shg_backend.TestLoans" name="test_loan_recall" time="0.205" /><testcase classname="backend.tests.test_shg_backend.TestLoans" name="test_loan_approve" time="0.277" /><testcase classname="backend.tests.test_shg_backend.TestLoans" name="test_loan_emi_pay" time="0.220" /><testcase classname="backend.tests.test_shg_backend.TestLoans" name="test_loan_reject_admin" time="0.527" /><testcase classname="backend.tests.test_shg_backend.TestContributions" name="test_add_contribution_non_admin_blocked" time="0.117" /><testcase classname="backend.tests.test_shg_backend.TestContributions" name="test_add_contribution_no_penalty" time="0.113" /><testcase classname="backend.tests.test_shg_backend.TestContributions" name="test_duplicate_contribution" time="0.115" /><testcase classname="backend.tests.test_shg_backend.TestContributions" name="test_penalty_calculation_late" time="0.106" /><testcase classname="backend.tests.test_shg_backend.TestContributions" name="test_bulk_contribution" time="0.234" /><testcase classname="backend.tests.test_shg_backend.TestContributions" name="test_get_contributions_admin_sees_all" time="0.099" /><testcase classname="backend.tests.test_shg_backend.TestContributions" name="test_get_contributions_member_sees_own" time="0.099" /><testcase classname="backend.tests.test_shg_backend.TestSavings" name="test_savings_deposit_admin" time="0.148" /><testcase classname="backend.tests.test_shg_backend.TestSavings" name="test_savings_withdraw_admin" time="0.103" /><testcase classname="backend.tests.test_shg_backend.TestSavings" name="test_savings_deposit_non_admin_blocked" time="0.104" /><testcase classname="backend.tests.test_shg_backend.TestSavings" name="test_get_savings_by_member" time="0.107" /><testcase classname="backend.tests.test_shg_backend.TestPassword" name="test_change_password" time="0.408" /><testcase classname="backend.tests.test_shg_backend.TestPassword" name="test_reset_password_non_admin_blocked" time="0.100" /><testcase classname="backend.tests.test_shg_backend.TestReports" name="test_defaulters" time="0.113" /><testcase classname="backend.tests.test_shg_backend.TestReports" name="test_csv_admin" time="0.112" /><testcase classname="backend.tests.test_shg_backend.TestReports" name="test_csv_non_admin_blocked" time="0.096" /></testsuite></testsuites>